









                        * * *  B O U N D A R Y  E L E M E N T  M E T H O D  A P P L I E D  T O  * * *

                        * * *  P L A N E  E L A S T O P L A S T I C  P R O B L E M S            * * *



 STUDY CASE: Unit square              


             * STANDARD IN. STR. *


               NO. ELEMENTS =    8

               NO.    CELLS =    8

               NO.    NODES =    8

               NO.   POINTS =    1

               PROBL.  TYPE =    1

               SYMME.  TYPE =    0


               MATERIAL PROPERTIES

               Y. CRIT.=         3

               E       =       10.

               ET      =        0.

               FY      =        0.00000

               POISSON =        0.30000

               C       =        0.00000

               PHI     =       20.00000


                              COORDINATES OF BOUNDARY NODES

            NODE              X               Y

              1              0.0000          0.0000
              2              0.5000          0.0000
              3              1.0000          0.0000
              4              1.0000          0.5000
              5              1.0000          1.0000
              6              0.5000          1.0000
              7              0.0000          1.0000
              8              0.0000          0.5000


                              COORDINATES OF INTERNAL POINTS

           POINT              X               Y

              9              0.5990          0.5000


                              ELEMENT INCIDENCES

             EL             N. 1            N. 2              L

              1               1               2              0.5000
              2               2               3              0.5000
              3               3               4              0.5000
              4               4               5              0.5000
              5               5               6              0.5000
              6               6               7              0.5000
              7               7               8              0.5000
              8               8               1              0.5000


                              CELLS CONNECTIVITY

            CELL            P. 1            P. 2            P. 3              A

